<?xml version="1.0" encoding="UTF-8"?>
<testsuite name="Add Customer Test"
           tests="3"
           failures="0"
           errors="0"
           skipped="0"
           time="1.519">
  <properties />
  
  
            <testcase name="addCustomer" time="0.447" classname="com.w2a.testcases.AddCustomerTest" />
                <testcase name="addCustomer" time="0.692" classname="com.w2a.testcases.AddCustomerTest" />
                <testcase name="addCustomer" time="0.380" classname="com.w2a.testcases.AddCustomerTest" />
      
</testsuite>
